rounded_obj = 11820500

x_round [*] :=
SH001   0   SH094 307   SH187 115   SH280   0   SH373 417   SH466 441
SH002 449   SH095 422   SH188 246   SH281 308   SH374   0   SH467 126
SH003   0   SH096 453   SH189   0   SH282 415   SH375   0   SH468 141
SH004   0   SH097   0   SH190   0   SH283   0   SH376  24   SH469   0
SH005  33   SH098   0   SH191  81   SH284 461   SH377 149   SH470 379
SH006   0   SH099   0   SH192   0   SH285   0   SH378 423   SH471 394
SH007   0   SH100   0   SH193   0   SH286 437   SH379 254   SH472 292
SH008   0   SH101   0   SH194 304   SH287 410   SH380   0   SH473 194
SH009  27   SH102   0   SH195 243   SH288 162   SH381  18   SH474 282
SH010   0   SH103   0   SH196   0   SH289 430   SH382   0   SH475   0
SH011 433   SH104   0   SH197 437   SH290 130   SH383   0   SH476 417
SH012 289   SH105 418   SH198   0   SH291   0   SH384 505   SH477 423
SH013 425   SH106 201   SH199   0   SH292 136   SH385   0   SH478 354
SH014   0   SH107   1   SH200   0   SH293   0   SH386   0   SH479 488
SH015   0   SH108   0   SH201 476   SH294   0   SH387   0   SH480   0
SH016   0   SH109   0   SH202   0   SH295 403   SH388   0   SH481   0
SH017   0   SH110 417   SH203 501   SH296   0   SH389   0   SH482 112
SH018 247   SH111   0   SH204   0   SH297   0   SH390   0   SH483 435
SH019 200   SH112   0   SH205 144   SH298 111   SH391 128   SH484   0
SH020   0   SH113 454   SH206   0   SH299 408   SH392   0   SH485   0
SH021   0   SH114   0   SH207   0   SH300 427   SH393   0   SH486   0
SH022   0   SH115   0   SH208   0   SH301   0   SH394   0   SH487  83
SH023   0   SH116 200   SH209 436   SH302   0   SH395 448   SH488   0
SH024 399   SH117  21   SH210   0   SH303   0   SH396   0   SH489 441
SH025 404   SH118 294   SH211   0   SH304   0   SH397   0   SH490 537
SH026   0   SH119   0   SH212   0   SH305   0   SH398   0   SH491 184
SH027 434   SH120   0   SH213 437   SH306   0   SH399 443   SH492  39
SH028   0   SH121 508   SH214   0   SH307  81   SH400   0   SH493   0
SH029 410   SH122   0   SH215   0   SH308 266   SH401   0   SH494  65
SH030   0   SH123   0   SH216   0   SH309   0   SH402  44   SH495 136
SH031 306   SH124   0   SH217 206   SH310   0   SH403   0   SH496   0
SH032 491   SH125   0   SH218   0   SH311   0   SH404   0   SH497 450
SH033   0   SH126  76   SH219   0   SH312 477   SH405   0   SH498 239
SH034 373   SH127 381   SH220   0   SH313 483   SH406   0   SH499 104
SH035   0   SH128   0   SH221 468   SH314 391   SH407 437   SH500 425
SH036   0   SH129   0   SH222   3   SH315   0   SH408   0   SH501 421
SH037   0   SH130  94   SH223 409   SH316 168   SH409   0   SH502   0
SH038 479   SH131  55   SH224 443   SH317 316   SH410 262   SH503   0
SH039 389   SH132   0   SH225 404   SH318   0   SH411 400   SH504   0
SH040 433   SH133 135   SH226 419   SH319   0   SH412  88   SH505   0
SH041 339   SH134 490   SH227 256   SH320 462   SH413   0   SH506   0
SH042 215   SH135   0   SH228   0   SH321   0   SH414   0   SH507  99
SH043   0   SH136   0   SH229   0   SH322 291   SH415 438   SH508 416
SH044 442   SH137   0   SH230  70   SH323   0   SH416   0   SH509   0
SH045 374   SH138   0   SH231   0   SH324   0   SH417 482   SH510   0
SH046   0   SH139   0   SH232 419   SH325 475   SH418 343   SH511 398
SH047 411   SH140   0   SH233 449   SH326   0   SH419 290   SH512  30
SH048 292   SH141   0   SH234 405   SH327   0   SH420  90   SH513 327
SH049   0   SH142 399   SH235 471   SH328 194   SH421 417   SH514 397
SH050 437   SH143   0   SH236 497   SH329 400   SH422   0   SH515   0
SH051   0   SH144 449   SH237   0   SH330   0   SH423 419   SH516 425
SH052   0   SH145   0   SH238 396   SH331   0   SH424   0   SH517   0
SH053   0   SH146 489   SH239 110   SH332   0   SH425 459   SH518   0
SH054   0   SH147  68   SH240 107   SH333   0   SH426   0   SH519   0
SH055   0   SH148   0   SH241 419   SH334 387   SH427 477   SH520 123
SH056   0   SH149  88   SH242   0   SH335   0   SH428   0   SH521 232
SH057 205   SH150 425   SH243   0   SH336   0   SH429  27   SH522  54
SH058 432   SH151   0   SH244 242   SH337   0   SH430 430   SH523 135
SH059   8   SH152   0   SH245   0   SH338 109   SH431   0   SH524  97
SH060 191   SH153 130   SH246   0   SH339   0   SH432   0   SH525 152
SH061 168   SH154 437   SH247 422   SH340 439   SH433   0   SH526   0
SH062 458   SH155   0   SH248  79   SH341 429   SH434   0   SH527 259
SH063 446   SH156   0   SH249 405   SH342 299   SH435 246   SH528   0
SH064  18   SH157   0   SH250   0   SH343  30   SH436   0   SH529   0
SH065 369   SH158   0   SH251   0   SH344   0   SH437   0   SH530   0
SH066   0   SH159   0   SH252   0   SH345 318   SH438  97   SH531   0
SH067   0   SH160  21   SH253 381   SH346   0   SH439   0   SH532 475
SH068   0   SH161   0   SH254 479   SH347 177   SH440   0   SH533   0
SH069   0   SH162   0   SH255 203   SH348 489   SH441   0   SH534 406
SH070   0   SH163   0   SH256 434   SH349  41   SH442   0   SH535 441
SH071 339   SH164   0   SH257   0   SH350   0   SH443   0   SH536  32
SH072   7   SH165 460   SH258   0   SH351   0   SH444 175   SH537 280
SH073 346   SH166   0   SH259   0   SH352 397   SH445 463   SH538   0
SH074   0   SH167   0   SH260   2   SH353   0   SH446   0   SH539   0
SH075   0   SH168 380   SH261 409   SH354   0   SH447 459   SH540 170
SH076  65   SH169   0   SH262 411   SH355   0   SH448   0   SH541   4
SH077 177   SH170   0   SH263   0   SH356 186   SH449 210   SH542   0
SH078 407   SH171   0   SH264   0   SH357   0   SH450   0   SH543 332
SH079 195   SH172  82   SH265 413   SH358   0   SH451 455   SH544   0
SH080 409   SH173 308   SH266   0   SH359  21   SH452   0   SH545   0
SH081 164   SH174   0   SH267   0   SH360   0   SH453 471   SH546 276
SH082 289   SH175   0   SH268   0   SH361 417   SH454   0   SH547   0
SH083   0   SH176 450   SH269 429   SH362 419   SH455   1   SH548   0
SH084   0   SH177   0   SH270  76   SH363   0   SH456 430   SH549  61
SH085   0   SH178 140   SH271   0   SH364   0   SH457 253   SH550   0
SH086   0   SH179 108   SH272   0   SH365 260   SH458 219   SH551   0
SH087 430   SH180   0   SH273 267   SH366 198   SH459 265   SH552 181
SH088 423   SH181   0   SH274 119   SH367 452   SH460   0   SH553   0
SH089   0   SH182   0   SH275   0   SH368   0   SH461   0   SH554   0
SH090 475   SH183  11   SH276 280   SH369 378   SH462 182   SH555   0
SH091   0   SH184 105   SH277 423   SH370   0   SH463   0   SH556 423
SH092   0   SH185 371   SH278   0   SH371   0   SH464 403   SH557 470
SH093 285   SH186  68   SH279  19   SH372 274   SH465 270
;

Machine_Available.dual [*] :=
 1 0    8 0   15 0   22 0   29 0   36 0   43 0   50 0   57 0   64 0   71 0
 2 0    9 0   16 0   23 0   30 0   37 0   44 0   51 0   58 0   65 0   72 0
 3 0   10 0   17 0   24 0   31 0   38 0   45 0   52 0   59 0   66 0
 4 0   11 0   18 0   25 0   32 0   39 0   46 0   53 0   60 0   67 0
 5 0   12 0   19 0   26 0   33 0   40 0   47 0   54 0   61 0   68 0
 6 0   13 0   20 0   27 0   34 0   41 0   48 0   55 0   62 0   69 0
 7 0   14 0   21 0   28 0   35 0   42 0   49 0   56 0   63 0   70 0
;

Budget.dual = 0

Warehouse_Cap.dual = 0

Machine_Available.slack [*] :=
 1 315.376   13 281.008   25 324.225   37 304.032   49 197.795   61 230.489
 2 242.818   14 289.223   26 322.242   38 304.094   50 239.176   62 177.189
 3 250.618   15 275.418   27 317.459   39 321.339   51 321.05    63 119.014
 4 283.704   16 302.764   28 322.502   40 328.715   52 298.256   64 185.985
 5 217.048   17 304.692   29 323.915   41 214.504   53 288.34    65 218.434
 6 234.233   18 300.729   30 329.473   42 203.523   54 284.083   66 178.812
 7 242.717   19 304.99    31 326.526   43 209.845   55 274.495   67 188.821
 8 256.976   20 301.76    32 306.866   44 198.068   56 310.923   68 132.345
 9 240.563   21 329.733   33 313.369   45 248.373   57 299.991   69 152.318
10 292.734   22 330.063   34 314.747   46 204.872   58 305.802   70 222.588
11 310.97    23 322.548   35 308.807   47 237.715   59 309.16    71 242.51
12 289.208   24 326.45    36 311.846   48 166.078   60 308.656   72 245.999
;

Budget.slack = 5393830

Warehouse_Cap.slack = 59406

Quantity.slack [*] :=
  1  0              43  0              85  0             127  9.09495e-13
  2  7.27596e-12    44  0              86  0             128  9.09495e-13
  3  1.09139e-11    45  4.54747e-12    87  1.81899e-12   129  0
  4 -7.27596e-12    46  4.54747e-12    88  0             130  7.27596e-12
  5 -3.63798e-12    47  0              89  7.27596e-12   131 -9.09495e-13
  6  7.27596e-12    48  9.09495e-13    90  0             132  0
  7  0              49  6.36646e-12    91  0             133  0
  8 -3.63798e-12    50  0              92  7.27596e-12   134  0
  9  1.45519e-11    51  5.45697e-12    93  0             135  0
 10  0              52 -3.63798e-12    94  0             136  3.63798e-12
 11  0              53 -1.81899e-12    95 -5.45697e-12   137  0
 12 -7.27596e-12    54  1.81899e-12    96  3.63798e-12   138  0
 13 -3.63798e-12    55  0              97  0             139  0
 14 -1.81899e-12    56 -9.09495e-13    98  0             140  0
 15  3.63798e-12    57  0              99 -3.63798e-12   141  9.09495e-13
 16  0              58  9.09495e-12   100 -7.27596e-12   142  0
 17  3.63798e-12    59  3.63798e-12   101  0             143  0
 18  0              60  1.81899e-12   102 -9.09495e-13   144 -9.09495e-13
 19 -7.27596e-12    61  0             103  1.81899e-12   145 -9.09495e-13
 20 -7.27596e-12    62 -1.45519e-11   104 -9.09495e-13   146  0
 21 -3.63798e-12    63 -1.09139e-11   105  0             147  0
 22 -7.27596e-12    64  9.09495e-13   106  0             148  1.00044e-11
 23  0              65  0             107  1.09139e-11   149  0
 24 -1.45519e-11    66 -1.81899e-12   108  0             150 -4.54747e-13
 25  3.63798e-12    67  1.63709e-11   109 -9.09495e-13   151 -4.54747e-13
 26  0              68 -1.27329e-11   110  1.81899e-12   152 -9.09495e-13
 27 -3.63798e-12    69  1.81899e-12   111  1.81899e-12   153  1.81899e-12
 28  7.27596e-12    70  0             112 -1.00044e-11   154 -9.09495e-13
 29  1.45519e-11    71  1.81899e-12   113  0             155  0
 30 -9.09495e-12    72  1.81899e-12   114 -9.09495e-13   156  5.45697e-12
 31  0              73 -1.81899e-12   115  0             157  4.54747e-13
 32 -1.81899e-12    74  0             116  1.81899e-12   158  0
 33 -2.72848e-12    75 -1.81899e-12   117  0             159  9.09495e-13
 34  0              76  0             118 -4.54747e-13   160  4.54747e-12
 35 -9.09495e-13    77 -9.09495e-12   119  0             161 -9.09495e-13
 36  9.09495e-13    78  0             120  0             162 -5.45697e-12
 37  9.09495e-13    79  1.81899e-12   121  0             163  0
 38  9.09495e-13    80  0             122  0             164  0
 39  6.36646e-12    81  0             123  1.81899e-12   165  2.18279e-11
 40 -9.09495e-13    82  1.81899e-12   124 -9.09495e-13
 41  0              83  0             125  0
 42  9.09495e-13    84  0             126  9.09495e-13
;

'Reduced Costs' = 'Reduced Costs'

_var.rc [*] :=
  1 -1.43411       141 -1.22309       281 -7.10543e-15   421  0
  2  0.384786      142  0.613755      282  0             422 -0.210773
  3 -0.640132      143 -0.478963      283 -0.0141095     423 -3.55271e-15
  4 -0.34873       144  1.06427       284 -7.10543e-15   424 -0.156587
  5 -1.42109e-14   145 -0.323352      285 -0.0168867     425  0
  6 -1.03195       146  0             286  2.13163e-14   426 -0.0894236
  7 -0.663405      147  4.26326e-14   287  0             427  0.908044
  8 -2.42746       148 -0.844037      288  3.55271e-15   428 -0.941868
  9  3.55271e-14   149 -5.32907e-14   289 -2.13163e-14   429 -1.81188e-13
 10 -0.865844      150  0.86332       290 -7.10543e-14   430  0
 11  1.17858       151 -2.34835       291 -0.915356      431 -1.04347
 12  1.77636e-14   152 -0.635555      292  1.52767e-13   432 -0.216434
 13  0.831932      153  3.55271e-15   293 -1.07456       433 -2.37125
 14 -0.510153      154  0             294 -0.980758      434 -0.262731
 15 -0.158596      155 -0.519988      295  0.813164      435  1.77636e-14
 16 -0.263343      156 -1.18913       296 -0.488356      436 -1.58742
 17 -0.569171      157 -0.251115      297 -1.42237       437 -0.497999
 18  2.23821e-13   158 -1.77816       298 -2.4869e-14    438  2.4869e-14
 19  7.10543e-15   159 -0.898274      299 -1.77636e-14   439 -0.778576
 20 -0.49866       160 -1.77636e-14   300  0.530366      440 -0.835511
 21 -0.475272      161 -0.969448      301 -0.447815      441 -0.818763
 22 -0.658899      162 -0.790722      302 -0.696644      442 -0.153482
 23 -1.87211       163 -1.2001        303 -0.936517      443 -1.0839
 24 -7.10543e-15   164 -0.964119      304 -0.904578      444  5.8975e-13
 25  0             165  0             305 -0.432175      445  1.12975
 26 -0.722136      166 -0.750116      306 -1.0419        446 -1.00429
 27  0             167 -0.376168      307 -1.06581e-14   447  0.160625
 28 -1.12127       168  4.61853e-14   308  2.13163e-14   448 -1.55393
 29  3.55271e-15   169 -0.577532      309 -0.751948      449  6.03961e-14
 30 -1.05867       170 -0.0423977     310 -0.718614      450 -1.54346
 31  2.13163e-14   171 -1.34882       311 -0.145639      451  0.242805
 32  0.0324926     172  7.35412e-13   312  0.731338      452 -0.896368
 33 -0.823148      173  1.88294e-13   313  0.00642769    453  0.843632
 34  0             174 -1.80943       314  0             454 -1.98796
 35 -0.0500353     175 -0.437499      315 -0.455105      455 -4.26326e-14
 36 -0.711806      176  0             316  1.13687e-13   456  0
 37 -2.12394       177 -1.14043       317  0             457 -2.4869e-14
 38  0             178 -1.06581e-14   318 -0.276966      458  3.55271e-15
 39  0.324893      179 -7.81597e-14   319 -0.969824      459  2.4869e-14
 40  0.14683       180 -1.40319       320  0             460 -1.03515
 41 -2.4869e-14    181 -0.53046       321 -1.29808       461 -1.46553
 42  7.10543e-15   182 -1.76789       322  1.74083e-13   462  2.13163e-14
 43 -0.801473      183  2.45137e-13   323 -1.08344       463 -0.132304
 44  0             184  1.77636e-14   324 -0.404311      464 -1.52767e-13
 45 -5.68434e-14   185 -6.03961e-14   325  0             465 -3.55271e-14
 46 -1.3546        186  2.30926e-13   326 -0.00192908    466  0.464304
 47  0             187  2.13163e-14   327 -1.30818       467  3.19744e-14
 48 -4.76064e-13   188 -3.90799e-14   328 -1.38556e-13   468 -6.75016e-14
 49 -1.36093       189 -0.252384      329  0             469 -0.108718
 50  0.224157      190 -0.572107      330 -0.674427      470  1.27898e-13
 51 -2.25884       191 -4.61853e-14   331 -0.0878561     471 -4.26326e-14
 52 -0.593599      192 -0.120018      332 -0.331388      472 -7.10543e-15
 53 -0.0652007     193 -0.224102      333 -0.479979      473  3.55271e-15
 54 -1.08462       194 -2.84217e-14   334  0             474 -1.06581e-14
 55 -0.976803      195 -8.17124e-14   335 -0.0381176     475 -0.755588
 56 -0.753094      196 -1.02175       336 -0.259651      476  0.622739
 57 -7.81597e-14   197  0.913023      337 -0.900194      477  0
 58  0             198 -0.818636      338 -7.10543e-15   478  9.20153e-13
 59 -9.59233e-14   199 -0.124783      339 -1.30758       479  0
 60 -7.10543e-15   200 -1.04304       340  7.10543e-15   480 -0.39761
 61  0             201  0             341  0.218119      481 -0.614099
 62  0             202 -0.129284      342  7.10543e-15   482  0
 63  0             203  0             343 -2.4869e-14    483  0
 64 -3.55271e-15   204 -0.719577      344 -1.31549       484 -0.723583
 65  4.26326e-14   205 -1.06581e-14   345 -2.13163e-14   485 -0.910685
 66 -0.357712      206 -0.332385      346 -0.6237        486 -0.924648
 67 -0.388993      207 -0.104122      347  4.26326e-14   487  3.55271e-15
 68 -0.26498       208 -0.739153      348  1.3108        488 -1.12956
 69 -1.26176       209  7.4607e-14    349 -7.10543e-14   489  0.239912
 70 -0.364501      210 -0.0757487     350 -0.282957      490  0
 71 -2.02505e-13   211 -0.0193427     351 -0.278131      491  0
 72 -3.55271e-14   212 -0.390117      352  0             492  7.10543e-15
 73 -7.10543e-15   213  0.861377      353 -0.294105      493 -1.03595
 74 -0.199541      214 -0.849854      354 -1.22633       494 -1.42109e-14
 75 -0.945842      215 -1.59267       355 -0.397564      495  7.10543e-15
 76 -1.06581e-14   216 -1.43057       356  2.84217e-14   496 -0.121946
 77  4.9738e-14    217  2.84217e-14   357 -1.61954       497  0
 78  0             218 -1.77495       358 -1.5999        498  8.56204e-13
 79 -8.88178e-14   219 -0.952614      359  1.06581e-14   499  7.4607e-14
 80  1.18027       220 -1.51429       360 -2.02117       500  1.1117
 81 -8.52651e-14   221  0             361  0.119126      501  0
 82  4.61853e-14   222  2.13163e-14   362  0.214401      502 -0.958298
 83 -0.0222231     223  0             363 -0.265586      503 -0.210062
 84 -0.054781      224  0             364 -0.591024      504 -1.82687
 85 -0.626732      225 -7.4607e-14    365 -1.06581e-14   505 -1.16202
 86 -1.46175       226  1.79346       366 -3.19744e-14   506 -0.632364
 87  0             227  1.06581e-14   367  0             507  6.39488e-14
 88  0.60368       228 -1.95036       368 -1.6727        508  5.68434e-14
 89 -0.800734      229 -0.194248      369  0             509 -1.07484
 90  0             230  1.06581e-14   370 -1.40972       510 -0.413854
 91 -1.42364       231 -1.95236       371 -0.14426       511  0
 92 -0.0614432     232  5.86198e-13   372  1.81188e-13   512  5.3646e-13
 93  4.9738e-14    233  0             373  0             513 -2.13163e-14
 94  6.75016e-13   234  0             374 -1.22566       514  0.53908
 95  0             235  0.075339      375 -0.274886      515 -0.519133
 96  0             236  0.177889      376 -1.77636e-14   516  0
 97 -1.32428       237 -0.161342      377  2.30926e-13   517 -1.08193
 98 -1.48946       238  2.06057e-13   378  0             518 -0.632445
 99 -1.86068       239 -1.27898e-13   379  1.7053e-13    519 -0.338014
100 -1.29653       240 -1.81188e-13   380 -0.735625      520 -3.90799e-14
101 -0.675137      241  0             381 -1.06581e-14   521 -2.13163e-14
102 -0.820898      242 -0.969537      382 -1.93014       522  2.23821e-13
103 -0.899853      243 -1.33298       383 -0.0438096     523 -1.42109e-14
104 -1.35829       244  1.77636e-14   384  0             524 -1.24345e-13
105  0             245 -0.682876      385 -0.399546      525 -4.9738e-14
106  4.9738e-14    246 -1.07755       386 -1.24883       526 -0.0277458
107 -1.77636e-14   247  0             387 -1.42804       527 -4.40536e-13
108 -0.823475      248  2.80664e-13   388 -5.32907e-14   528 -0.625663
109 -0.331202      249  0.24556       389 -0.198703      529 -0.779648
110  0             250 -0.374431      390 -1.44308       530 -0.394053
111 -1.75483       251 -1.05656       391  1.42109e-14   531 -0.99966
112 -0.418735      252 -2.06754       392 -0.793273      532  0.721576
113  0             253  0             393 -1.08765       533 -0.661409
114 -0.588738      254  0.152039      394 -0.219616      534  0
115 -0.0427181     255  1.03029e-13   395 -1.91847e-13   535  0
116  2.13163e-14   256  0             396 -1.03397       536  7.10543e-15
117 -3.55271e-14   257 -1.55765       397 -0.599575      537 -1.06581e-14
118 -3.55271e-15   258 -0.449113      398 -0.271055      538 -0.00931202
119 -0.0571609     259 -0.602489      399  0.0465087     539 -1.42832
120 -0.0339255     260  2.94875e-13   400 -0.513168      540 -1.35003e-13
121  0             261  0             401 -1.76034       541  7.10543e-14
122 -0.646581      262  0             402 -2.02505e-13   542 -0.541431
123 -0.843206      263 -0.561165      403 -1.45831       543  7.28306e-13
124 -1.27897       264 -0.0609722     404 -0.483677      544 -0.436336
125 -0.729827      265  0             405 -1.35248       545 -0.5096
126 -1.56319e-13   266 -1.25517       406 -0.963714      546  3.55271e-15
127  3.51719e-13   267 -0.775888      407  0.987518      547 -0.103951
128 -0.222701      268 -1.21744       408 -0.666567      548 -0.937822
129 -0.55284       269  0.894808      409 -0.318495      549 -1.06581e-14
130 -4.61853e-14   270  3.55271e-14   410 -3.48166e-13   550 -0.941784
131  1.42109e-14   271 -0.79713       411  1.42109e-14   551 -1.17982
132 -0.0331319     272 -0.89155       412 -4.26326e-14   552 -3.55271e-14
133  2.4869e-14    273 -1.06581e-14   413 -2.47181       553 -0.222485
134  0             274 -3.55271e-15   414 -1.13719       554 -0.908579
135 -1.1246        275 -1.04131       415  0             555 -1.18498
136 -2.90081       276 -7.10543e-15   416 -0.805634      556  0
137 -0.101758      277  0.579699      417  0             557  0
138 -0.795195      278 -1.77562       418 -4.61853e-14
139 -0.654865      279  1.66978e-13   419  1.06581e-14
140 -1.13638       280 -0.904813      420 -1.06581e-14
;

